
2019-11-24 13:38:29,824 decorators.py:21 > decorators:DEBUG Вызвана функция helo с аргументами ('-----BEGIN PUBLIC KEY-----\nMIIBIjANBgkqhkiG9w0BAQEFAAOCAQ8AMIIBCgKCAQEA6SPHh5pYyLQj13PpT8/6\nkfS01xYDm4ybjjwkQe/dgJV317Et2l8VGL7CfZvNnc0EBfrfaJMZHJXeYpvPWd25\nuYTfjOgOujh/sdtLvsxRHaTJ6NJsxzfiHaf5fhdIvqURXbSK23L5CoJBO8SjsLjL\nwbKP1xeHocJbWjUkpCz58xVEMsZFqEUcQMlmRrR7sjmdLlMQxPs5WGIObPBkb6SL\nZ1glJTEvq4GbNpBXv76II5MU6eGdME3LMlrQy168LbgE2o2SS1+PixvBXDPQB7nR\nOQApdA3KbsOwJG7jL20ffWtcc+DBrVDiy1V/rW+Ojna+jJu2fCY3OsxtFGx/Gdib\niQIDAQAB\n-----END PUBLIC KEY-----',), {} в модуле jim.messages
2019-11-24 13:38:29,830 decorators.py:21 > decorators:DEBUG Вызвана функция key_exchange с аргументами (), {} в модуле jim.messages
2019-11-24 13:38:29,830 decorators.py:21 > decorators:DEBUG Вызвана функция response с аргументами (202, 'Accepted', True), {} в модуле jim.messages
2019-11-24 13:38:30,136 decorators.py:21 > decorators:DEBUG Вызвана функция authenticate с аргументами (), {} в модуле jim.messages
2019-11-24 13:38:30,136 decorators.py:21 > decorators:DEBUG Вызвана функция response с аргументами (202, 'Accepted', True), {} в модуле jim.messages
2019-11-24 13:38:30,446 decorators.py:21 > decorators:DEBUG Вызвана функция response с аргументами (200, {'user_profile': {'username': 'test', 'userpic': None, 'atime': '2019-11-24T13:38:30.437000', 'is_active': True}}, True), {} в модуле jim.messages
2019-11-24 13:38:30,447 decorators.py:21 > decorators:DEBUG Вызвана функция is_get_contacts с аргументами ({'action': 'get_contacts', 'time': 1574591910.433114, 'user': 'test'},), {} в модуле jim.messages
2019-11-24 13:38:30,448 decorators.py:21 > decorators:DEBUG Вызвана функция is_get_contacts с аргументами ({'action': 'get_contacts', 'time': 1574591910.433114, 'user': 'test'},), {} в модуле jim.messages
2019-11-24 13:38:30,461 decorators.py:21 > decorators:DEBUG Вызвана функция response с аргументами (200, {'contacts': ['John', '#all']}, True), {} в модуле jim.messages
2019-11-24 13:38:31,718 decorators.py:21 > decorators:DEBUG Вызвана функция response с аргументами (200, {'chat': [{'from': 'test', 'to': 'John', 'text': 'Hi, John.', 'ctime': '2019-11-23T23:06:06.136000'}]}, True), {} в модуле jim.messages
2019-11-24 13:38:32,382 decorators.py:21 > decorators:DEBUG Вызвана функция response с аргументами (200, {'chat': [{'from': 'John', 'to': '#all', 'text': '<censored>', 'ctime': '2019-11-23T23:05:51.133000'}]}, True), {} в модуле jim.messages
2019-11-24 13:38:34,202 decorators.py:21 > decorators:DEBUG Вызвана функция response с аргументами (200, {'chat': [{'from': 'test', 'to': 'John', 'text': 'Hi, John.', 'ctime': '2019-11-23T23:06:06.136000'}]}, True), {} в модуле jim.messages
2019-11-24 13:38:43,010 decorators.py:21 > decorators:DEBUG Вызвана функция helo с аргументами ('-----BEGIN PUBLIC KEY-----\nMIIBIjANBgkqhkiG9w0BAQEFAAOCAQ8AMIIBCgKCAQEA6SPHh5pYyLQj13PpT8/6\nkfS01xYDm4ybjjwkQe/dgJV317Et2l8VGL7CfZvNnc0EBfrfaJMZHJXeYpvPWd25\nuYTfjOgOujh/sdtLvsxRHaTJ6NJsxzfiHaf5fhdIvqURXbSK23L5CoJBO8SjsLjL\nwbKP1xeHocJbWjUkpCz58xVEMsZFqEUcQMlmRrR7sjmdLlMQxPs5WGIObPBkb6SL\nZ1glJTEvq4GbNpBXv76II5MU6eGdME3LMlrQy168LbgE2o2SS1+PixvBXDPQB7nR\nOQApdA3KbsOwJG7jL20ffWtcc+DBrVDiy1V/rW+Ojna+jJu2fCY3OsxtFGx/Gdib\niQIDAQAB\n-----END PUBLIC KEY-----',), {} в модуле jim.messages
2019-11-24 13:38:43,018 decorators.py:21 > decorators:DEBUG Вызвана функция key_exchange с аргументами (), {} в модуле jim.messages
2019-11-24 13:38:43,019 decorators.py:21 > decorators:DEBUG Вызвана функция response с аргументами (202, 'Accepted', True), {} в модуле jim.messages
2019-11-24 13:38:43,321 decorators.py:21 > decorators:DEBUG Вызвана функция authenticate с аргументами (), {} в модуле jim.messages
2019-11-24 13:38:43,321 decorators.py:21 > decorators:DEBUG Вызвана функция response с аргументами (202, 'Accepted', True), {} в модуле jim.messages
2019-11-24 13:38:43,634 decorators.py:21 > decorators:DEBUG Вызвана функция response с аргументами (200, {'user_profile': {'username': 'John', 'userpic': None, 'atime': '2019-11-24T13:38:43.626000', 'is_active': True}}, True), {} в модуле jim.messages
2019-11-24 13:38:43,636 decorators.py:21 > decorators:DEBUG Вызвана функция is_get_contacts с аргументами ({'action': 'get_contacts', 'time': 1574591923.622684, 'user': 'John'},), {} в модуле jim.messages
2019-11-24 13:38:43,636 decorators.py:21 > decorators:DEBUG Вызвана функция is_get_contacts с аргументами ({'action': 'get_contacts', 'time': 1574591923.622684, 'user': 'John'},), {} в модуле jim.messages
2019-11-24 13:38:43,648 decorators.py:21 > decorators:DEBUG Вызвана функция response с аргументами (200, {'contacts': ['Ann', 'test', '#all', '#friends']}, True), {} в модуле jim.messages
2019-11-24 13:38:44,760 decorators.py:21 > decorators:DEBUG Вызвана функция response с аргументами (200, {'chat': [{'from': 'test', 'to': 'John', 'text': 'Hi, John.', 'ctime': '2019-11-23T23:06:06.136000'}]}, True), {} в модуле jim.messages
2019-11-24 13:38:50,321 decorators.py:21 > decorators:DEBUG Вызвана функция msg с аргументами (), {} в модуле jim.messages
2019-11-24 13:38:50,324 decorators.py:21 > decorators:DEBUG Вызвана функция response с аргументами (202, 'Accepted', True), {} в модуле jim.messages
2019-11-24 13:38:50,345 decorators.py:21 > decorators:DEBUG Вызвана функция response с аргументами (200, {'chat': [{'from': 'John', 'to': 'test', 'text': 'Hi', 'ctime': '2019-11-24T13:38:50.315000'}, {'from': 'test', 'to': 'John', 'text': 'Hi, John.', 'ctime': '2019-11-23T23:06:06.136000'}]}, True), {} в модуле jim.messages
2019-11-24 13:38:50,372 decorators.py:21 > decorators:DEBUG Вызвана функция response с аргументами (200, {'chat': [{'from': 'John', 'to': 'test', 'text': 'Hi', 'ctime': '2019-11-24T13:38:50.315000'}, {'from': 'test', 'to': 'John', 'text': 'Hi, John.', 'ctime': '2019-11-23T23:06:06.136000'}]}, True), {} в модуле jim.messages
2019-11-24 13:38:53,792 decorators.py:21 > decorators:DEBUG Вызвана функция response с аргументами (200, {'chat': [{'from': 'John', 'to': '#all', 'text': '<censored>', 'ctime': '2019-11-23T23:05:51.133000'}]}, True), {} в модуле jim.messages
2019-11-24 13:38:54,465 decorators.py:21 > decorators:DEBUG Вызвана функция response с аргументами (200, {'chat': [{'from': 'John', 'to': 'test', 'text': 'Hi', 'ctime': '2019-11-24T13:38:50.315000'}, {'from': 'test', 'to': 'John', 'text': 'Hi, John.', 'ctime': '2019-11-23T23:06:06.136000'}]}, True), {} в модуле jim.messages
